\BOOKMARK [0][-]{section*.1}{Agradecimientos}{}% 1
\BOOKMARK [0][-]{section*.1}{Resumen}{}% 2
\BOOKMARK [0][-]{chapter.1}{Introducci\363n}{}% 3
\BOOKMARK [0][-]{chapter.2}{Cap\355tulo 2: Distribuci\363n ZOIP}{}% 4
\BOOKMARK [1][-]{section.2.1}{Distribuci\363n para datos proporcionales}{chapter.2}% 5
\BOOKMARK [2][-]{subsection.2.1.1}{Distribuci\363n beta original}{section.2.1}% 6
\BOOKMARK [2][-]{subsection.2.1.2}{Distribuci\363n beta con la parametrizaci\363n de Ferrari y Cribari-Neto \(2004\)}{section.2.1}% 7
\BOOKMARK [2][-]{subsection.2.1.3}{Distribuci\363n beta con la parametrizaci\363n de Rigby y Stasinopoulos \(2005\)}{section.2.1}% 8
\BOOKMARK [2][-]{subsection.2.1.4}{Distribuci\363n simplex}{section.2.1}% 9
\BOOKMARK [1][-]{section.2.2}{Distribuci\363n ZOIP \(Zeros Ones Inflated Proporcional\)}{chapter.2}% 10
\BOOKMARK [1][-]{section.2.3}{Inferencia estad\355stica}{chapter.2}% 11
\BOOKMARK [1][-]{section.2.4}{Distribuci\363n ZOIP en el paquete ZOIP}{chapter.2}% 12
\BOOKMARK [2][-]{subsection.2.4.1}{Instalaci\363n}{section.2.4}% 13
\BOOKMARK [2][-]{subsection.2.4.2}{Funciones sobre distribuci\363n ZOIP}{section.2.4}% 14
\BOOKMARK [2][-]{subsection.2.4.3}{Funci\363n RM.ZOIP del paquete ZOIP}{section.2.4}% 15
\BOOKMARK [1][-]{section.2.5}{Aplicaci\363n}{chapter.2}% 16
\BOOKMARK [2][-]{subsection.2.5.1}{Datos simulados}{section.2.5}% 17
\BOOKMARK [2][-]{subsection.2.5.2}{Datos reales}{section.2.5}% 18
\BOOKMARK [1][-]{section.2.6}{Conclusiones}{chapter.2}% 19
\BOOKMARK [0][-]{chapter.3}{Cap\355tulo 3: Modelo de regresi\363n ZOIP con efectos fijos}{}% 20
\BOOKMARK [1][-]{section.3.1}{Modelo de regresi\363n ZOIP}{chapter.3}% 21
\BOOKMARK [1][-]{section.3.2}{Modelo de regresi\363n ZOIP en el paquete ZOIP}{chapter.3}% 22
\BOOKMARK [1][-]{section.3.3}{Aplicaci\363n}{chapter.3}% 23
\BOOKMARK [2][-]{subsection.3.3.1}{Datos simulados}{section.3.3}% 24
\BOOKMARK [2][-]{subsection.3.3.2}{Datos reales}{section.3.3}% 25
\BOOKMARK [1][-]{section.3.4}{Conclusi\363n}{chapter.3}% 26
\BOOKMARK [0][-]{chapter.4}{Cap\355tulo 4: Modelo de regresi\363n ZOIP con efectos mixtos}{}% 27
\BOOKMARK [1][-]{section.4.1}{Modelo de regresi\363n ZOIP mixto}{chapter.4}% 28
\BOOKMARK [2][-]{subsection.4.1.1}{Inferencia estad\355stica}{section.4.1}% 29
\BOOKMARK [2][-]{subsection.4.1.2}{Cuadratura de Gauss-Hermite}{section.4.1}% 30
\BOOKMARK [2][-]{subsection.4.1.3}{Aproximaci\363n de la funci\363n de verosimilitud v\355a cuadratura de Gauss-Hermite}{section.4.1}% 31
\BOOKMARK [1][-]{section.4.2}{Modelo de regresi\363n ZOIP mixto en el paquete ZOIP}{chapter.4}% 32
\BOOKMARK [1][-]{section.4.3}{Aplicaci\363n}{chapter.4}% 33
\BOOKMARK [2][-]{subsection.4.3.1}{Datos reales}{section.4.3}% 34
\BOOKMARK [2][-]{subsection.4.3.2}{Datos simulados}{section.4.3}% 35
\BOOKMARK [1][-]{section.4.4}{Conclusi\363n}{chapter.4}% 36
\BOOKMARK [0][-]{chapter.5}{Conclusiones y recomendaciones}{}% 37
\BOOKMARK [1][-]{section.5.1}{Conclusiones}{chapter.5}% 38
\BOOKMARK [1][-]{section.5.2}{Recomendaciones}{chapter.5}% 39
\BOOKMARK [0][-]{section.5.2}{Bibliograf\355a}{}% 40
