This is pdfTeX, Version 3.1415926-1.40.10 (MiKTeX 2.8) (preloaded format=latex 2016.3.24)  26 MAY 2018 11:07
entering extended mode
**Sustentacion_Tesis_Slides.tex
("D:\Juan Camilo\UN\Maestria en Ciencias Estadisticas\TESIS\Tesis\Sustentacion_tesis\Sustentacion_Tesis_Slides.tex"
LaTeX2e <2009/09/24>
Babel <v3.8l> and hyphenation patterns for english, dumylang, nohyphenation, german, ngerman, german-x-2009-06-19, ngerm
an-x-2009-06-19, french, loaded.
("C:\Program Files (x86)\MiKTeX 2.8\tex\latex\beamer\base\beamer.cls"
("C:\Program Files (x86)\MiKTeX 2.8\tex\latex\beamer\base\beamerbasercs.sty"
Package: beamerbasercs 2007/01/28 (rcs-revision 1.4)
)
Document Class: beamer 2007/03/11 cvs version 3.07 A class for typesetting presentations (rcs-revision 1.70)
("C:\Program Files (x86)\MiKTeX 2.8\tex\latex\beamer\base\beamerbasemodes.sty"
Package: beamerbasemodes 2007/01/28 (rcs-revision 1.22)
\beamer@tempbox=\box26
\beamer@tempcount=\count79
\c@beamerpauses=\count80

("C:\Program Files (x86)\MiKTeX 2.8\tex\latex\beamer\base\beamerbasedecode.sty"
Package: beamerbasedecode 2007/01/28 (rcs-revision 1.20)
\beamer@slideinframe=\count81
\beamer@minimum=\count82
)
\beamer@commentbox=\box27
\beamer@modecount=\count83
)
\headheight=\dimen102
\headdp=\dimen103
\footheight=\dimen104
\sidebarheight=\dimen105
\beamer@tempdim=\dimen106
\beamer@finalheight=\dimen107
\beamer@animht=\dimen108
\beamer@animdp=\dimen109
\beamer@animwd=\dimen110
\beamer@leftmargin=\dimen111
\beamer@rightmargin=\dimen112
\beamer@leftsidebar=\dimen113
\beamer@rightsidebar=\dimen114
\beamer@boxsize=\dimen115
\beamer@vboxoffset=\dimen116
\beamer@descdefault=\dimen117
\beamer@descriptionwidth=\dimen118
\beamer@lastskip=\skip41
\beamer@areabox=\box28
\beamer@animcurrent=\box29
\beamer@animshowbox=\box30
\beamer@sectionbox=\box31
\beamer@logobox=\box32
\beamer@linebox=\box33
\beamer@sectioncount=\count84
\beamer@subsubsectionmax=\count85
\beamer@subsectionmax=\count86
\beamer@sectionmax=\count87
\beamer@totalheads=\count88
\beamer@headcounter=\count89
\beamer@partstartpage=\count90
\beamer@sectionstartpage=\count91
\beamer@subsectionstartpage=\count92
\beamer@animationtempa=\count93
\beamer@animationtempb=\count94
\beamer@xpos=\count95
\beamer@ypos=\count96
\beamer@showpartnumber=\count97
\beamer@currentsubsection=\count98
\beamer@coveringdepth=\count99
\beamer@sectionadjust=\count100
\beamer@tocsectionnumber=\count101

("C:\Program Files (x86)\MiKTeX 2.8\tex\latex\beamer\base\beamerbaseoptions.sty"
Package: beamerbaseoptions 2007/01/28 (rcs-revision 1.8)

("C:\Program Files (x86)\MiKTeX 2.8\tex\latex\graphics\keyval.sty"
Package: keyval 1999/03/16 v1.13 key=value parser (DPC)
\KV@toks@=\toks14
))

Class beamer Warning: ``serif'' is obsolete. Use font theme ``serif'' instead on input line 300.

("C:\Program Files (x86)\MiKTeX 2.8\tex\latex\pgf\basiclayer\pgfcore.sty"
("C:\Program Files (x86)\MiKTeX 2.8\tex\latex\graphics\graphicx.sty"
Package: graphicx 1999/02/16 v1.0f Enhanced LaTeX Graphics (DPC,SPQR)

("C:\Program Files (x86)\MiKTeX 2.8\tex\latex\graphics\graphics.sty"
Package: graphics 2009/02/05 v1.0o Standard LaTeX Graphics (DPC,SPQR)

("C:\Program Files (x86)\MiKTeX 2.8\tex\latex\graphics\trig.sty"
Package: trig 1999/03/16 v1.09 sin cos tan (DPC)
)
("C:\Program Files (x86)\MiKTeX 2.8\tex\latex\00miktex\graphics.cfg"
File: graphics.cfg 2007/01/18 v1.5 graphics configuration of teTeX/TeXLive
)
Package graphics Info: Driver file: dvips.def on input line 91.

("C:\Program Files (x86)\MiKTeX 2.8\tex\latex\graphics\dvips.def"
File: dvips.def 1999/02/16 v3.0i Driver-dependant file (DPC,SPQR)
))
\Gin@req@height=\dimen119
\Gin@req@width=\dimen120
)
("C:\Program Files (x86)\MiKTeX 2.8\tex\latex\pgf\systemlayer\pgfsys.sty"
("C:\Program Files (x86)\MiKTeX 2.8\tex\latex\pgf\utilities\pgfrcs.sty"
("C:\Program Files (x86)\MiKTeX 2.8\tex\generic\pgf\utilities\pgfutil-common.tex"
\pgfutil@everybye=\toks15
)
("C:\Program Files (x86)\MiKTeX 2.8\tex\generic\pgf\utilities\pgfutil-latex.def")
("C:\Program Files (x86)\MiKTeX 2.8\tex\generic\pgf\utilities\pgfrcs.code.tex"
Package: pgfrcs 2008/02/20 v2.00 (rcs-revision 1.21)
))
("C:\Program Files (x86)\MiKTeX 2.8\tex\generic\pgf\systemlayer\pgfsys.code.tex"
Package: pgfsys 2008/02/07 v2.00 (rcs-revision 1.31)

("C:\Program Files (x86)\MiKTeX 2.8\tex\generic\pgf\utilities\pgfkeys.code.tex"
\pgfkeys@pathtoks=\toks16
\pgfkeys@temptoks=\toks17
)
\pgf@x=\dimen121
\pgf@y=\dimen122
\pgf@xa=\dimen123
\pgf@ya=\dimen124
\pgf@xb=\dimen125
\pgf@yb=\dimen126
\pgf@xc=\dimen127
\pgf@yc=\dimen128
\c@pgf@counta=\count102
\c@pgf@countb=\count103
\c@pgf@countc=\count104
\c@pgf@countd=\count105

("C:\Program Files (x86)\MiKTeX 2.8\tex\generic\pgf\systemlayer\pgf.cfg"
File: pgf.cfg 2008/01/13  (rcs-revision 1.6)
)
Package pgfsys Info: Driver file for pgf: pgfsys-dvips.def on input line 885.

("C:\Program Files (x86)\MiKTeX 2.8\tex\generic\pgf\systemlayer\pgfsys-dvips.def"
File: pgfsys-dvips.def 2007/12/12  (rcs-revision 1.19)

("C:\Program Files (x86)\MiKTeX 2.8\tex\generic\pgf\systemlayer\pgfsys-common-postscript.def"
File: pgfsys-common-postscript.def 2008/02/07  (rcs-revision 1.18)
\pgf@objectcount=\count106
)))
("C:\Program Files (x86)\MiKTeX 2.8\tex\generic\pgf\systemlayer\pgfsyssoftpath.code.tex"
File: pgfsyssoftpath.code.tex 2008/01/23  (rcs-revision 1.6)
\pgfsyssoftpath@smallbuffer@items=\count107
\pgfsyssoftpath@bigbuffer@items=\count108
)
("C:\Program Files (x86)\MiKTeX 2.8\tex\generic\pgf\systemlayer\pgfsysprotocol.code.tex"
File: pgfsysprotocol.code.tex 2006/10/16  (rcs-revision 1.4)
))
("C:\Program Files (x86)\MiKTeX 2.8\tex\latex\xcolor\xcolor.sty"
Package: xcolor 2007/01/21 v2.11 LaTeX color extensions (UK)

("C:\Program Files (x86)\MiKTeX 2.8\tex\latex\00miktex\color.cfg"
File: color.cfg 2007/01/18 v1.5 color configuration of teTeX/TeXLive
)
Package xcolor Info: Driver file: dvips.def on input line 225.
Package xcolor Info: Model `cmy' substituted by `cmy0' on input line 1337.
Package xcolor Info: Model `RGB' extended on input line 1353.
Package xcolor Info: Model `HTML' substituted by `rgb' on input line 1355.
Package xcolor Info: Model `Hsb' substituted by `hsb' on input line 1356.
Package xcolor Info: Model `tHsb' substituted by `hsb' on input line 1357.
Package xcolor Info: Model `HSB' substituted by `hsb' on input line 1358.
Package xcolor Info: Model `Gray' substituted by `gray' on input line 1359.
Package xcolor Info: Model `wave' substituted by `hsb' on input line 1360.
)
("C:\Program Files (x86)\MiKTeX 2.8\tex\generic\pgf\basiclayer\pgfcore.code.tex"
Package: pgfcore 2008/01/15 v2.00 (rcs-revision 1.6)

("C:\Program Files (x86)\MiKTeX 2.8\tex\generic\pgf\math\pgfmath.code.tex"
("C:\Program Files (x86)\MiKTeX 2.8\tex\generic\pgf\math\pgfmathcalc.code.tex"
("C:\Program Files (x86)\MiKTeX 2.8\tex\generic\pgf\math\pgfmathutil.code.tex"
\pgfmath@box=\box34
)
("C:\Program Files (x86)\MiKTeX 2.8\tex\generic\pgf\math\pgfmathparser.code.tex"
\pgfmath@stack=\toks18
\c@pgfmath@parsecounta=\count109
\c@pgfmath@parsecountb=\count110
\c@pgfmath@parsecountc=\count111
\pgfmath@parsex=\dimen129
)
("C:\Program Files (x86)\MiKTeX 2.8\tex\generic\pgf\math\pgfmathoperations.code.tex"
("C:\Program Files (x86)\MiKTeX 2.8\tex\generic\pgf\math\pgfmathtrig.code.tex")
("C:\Program Files (x86)\MiKTeX 2.8\tex\generic\pgf\math\pgfmathrnd.code.tex"))
("C:\Program Files (x86)\MiKTeX 2.8\tex\generic\pgf\math\pgfmathbase.code.tex")))
("C:\Program Files (x86)\MiKTeX 2.8\tex\generic\pgf\basiclayer\pgfcorepoints.code.tex"
File: pgfcorepoints.code.tex 2008/02/03  (rcs-revision 1.13)
\pgf@picminx=\dimen130
\pgf@picmaxx=\dimen131
\pgf@picminy=\dimen132
\pgf@picmaxy=\dimen133
\pgf@pathminx=\dimen134
\pgf@pathmaxx=\dimen135
\pgf@pathminy=\dimen136
\pgf@pathmaxy=\dimen137
\pgf@xx=\dimen138
\pgf@xy=\dimen139
\pgf@yx=\dimen140
\pgf@yy=\dimen141
\pgf@zx=\dimen142
\pgf@zy=\dimen143
)
("C:\Program Files (x86)\MiKTeX 2.8\tex\generic\pgf\basiclayer\pgfcorepathconstruct.code.tex"
File: pgfcorepathconstruct.code.tex 2008/02/13  (rcs-revision 1.14)
\pgf@path@lastx=\dimen144
\pgf@path@lasty=\dimen145
)
("C:\Program Files (x86)\MiKTeX 2.8\tex\generic\pgf\basiclayer\pgfcorepathusage.code.tex"
File: pgfcorepathusage.code.tex 2008/01/23  (rcs-revision 1.11)
\pgf@shorten@end@additional=\dimen146
\pgf@shorten@start@additional=\dimen147
)
("C:\Program Files (x86)\MiKTeX 2.8\tex\generic\pgf\basiclayer\pgfcorescopes.code.tex"
File: pgfcorescopes.code.tex 2008/01/15  (rcs-revision 1.26)
\pgfpic=\box35
\pgf@hbox=\box36
\pgf@layerbox@main=\box37
\pgf@picture@serial@count=\count112
)
("C:\Program Files (x86)\MiKTeX 2.8\tex\generic\pgf\basiclayer\pgfcoregraphicstate.code.tex"
File: pgfcoregraphicstate.code.tex 2007/12/12  (rcs-revision 1.8)
\pgflinewidth=\dimen148
)
("C:\Program Files (x86)\MiKTeX 2.8\tex\generic\pgf\basiclayer\pgfcoretransformations.code.tex"
File: pgfcoretransformations.code.tex 2008/02/04  (rcs-revision 1.10)
\pgf@pt@x=\dimen149
\pgf@pt@y=\dimen150
\pgf@pt@temp=\dimen151
)
("C:\Program Files (x86)\MiKTeX 2.8\tex\generic\pgf\basiclayer\pgfcorequick.code.tex"
File: pgfcorequick.code.tex 2006/10/11  (rcs-revision 1.2)
)
("C:\Program Files (x86)\MiKTeX 2.8\tex\generic\pgf\basiclayer\pgfcoreobjects.code.tex"
File: pgfcoreobjects.code.tex 2006/10/11  (rcs-revision 1.2)
)
("C:\Program Files (x86)\MiKTeX 2.8\tex\generic\pgf\basiclayer\pgfcorepathprocessing.code.tex"
File: pgfcorepathprocessing.code.tex 2008/01/23  (rcs-revision 1.7)
)
("C:\Program Files (x86)\MiKTeX 2.8\tex\generic\pgf\basiclayer\pgfcorearrows.code.tex"
File: pgfcorearrows.code.tex 2007/06/07  (rcs-revision 1.8)
)
("C:\Program Files (x86)\MiKTeX 2.8\tex\generic\pgf\basiclayer\pgfcoreshade.code.tex"
File: pgfcoreshade.code.tex 2007/12/10  (rcs-revision 1.9)
\pgf@max=\dimen152
\pgf@sys@shading@range@num=\count113
)
("C:\Program Files (x86)\MiKTeX 2.8\tex\generic\pgf\basiclayer\pgfcoreimage.code.tex"
File: pgfcoreimage.code.tex 2008/01/15  (rcs-revision 1.1)
\pgfexternal@startupbox=\box38
)
("C:\Program Files (x86)\MiKTeX 2.8\tex\generic\pgf\basiclayer\pgfcorelayers.code.tex"
File: pgfcorelayers.code.tex 2008/01/15  (rcs-revision 1.1)
)
("C:\Program Files (x86)\MiKTeX 2.8\tex\generic\pgf\basiclayer\pgfcoretransparency.code.tex"
File: pgfcoretransparency.code.tex 2008/01/17  (rcs-revision 1.2)
)
("C:\Program Files (x86)\MiKTeX 2.8\tex\generic\pgf\basiclayer\pgfcorepatterns.code.tex"
File: pgfcorepatterns.code.tex 2008/01/15  (rcs-revision 1.1)
)))
("C:\Program Files (x86)\MiKTeX 2.8\tex\latex\pgf\basiclayer\pgfbaseimage.sty"

Package pgf Warning: This package is obsolete and no longer needed on input line 13.

) ("C:\Program Files (x86)\MiKTeX 2.8\tex\latex\pgf\utilities\xxcolor.sty"
Package: xxcolor 2003/10/24 ver 0.1
\XC@nummixins=\count114
\XC@countmixins=\count115
)
("C:\Program Files (x86)\MiKTeX 2.8\tex\latex\amsfonts\amssymb.sty"
Package: amssymb 2009/06/22 v3.00

("C:\Program Files (x86)\MiKTeX 2.8\tex\latex\amsfonts\amsfonts.sty"
Package: amsfonts 2009/06/22 v3.00 Basic AMSFonts support
\@emptytoks=\toks19
\symAMSa=\mathgroup4
\symAMSb=\mathgroup5
LaTeX Font Info:    Overwriting math alphabet `\mathfrak' in version `bold'
(Font)                  U/euf/m/n --> U/euf/b/n on input line 96.
))
("C:\Program Files (x86)\MiKTeX 2.8\tex\latex\geometry\geometry.sty"
Package: geometry 2008/12/21 v4.2 Page Geometry

("C:\Program Files (x86)\MiKTeX 2.8\tex\generic\oberdiek\ifpdf.sty"
Package: ifpdf 2009/04/10 v2.0 Provides the ifpdf switch (HO)
Package ifpdf Info: pdfTeX in pdf mode not detected.
)
("C:\Program Files (x86)\MiKTeX 2.8\tex\generic\oberdiek\ifvtex.sty"
Package: ifvtex 2008/11/04 v1.4 Switches for detecting VTeX and its modes (HO)
Package ifvtex Info: VTeX not detected.
)
\Gm@cnth=\count116
\Gm@cntv=\count117
\c@Gm@tempcnt=\count118
\Gm@bindingoffset=\dimen153
\Gm@wd@mp=\dimen154
\Gm@odd@mp=\dimen155
\Gm@even@mp=\dimen156
\Gm@dimlist=\toks20

("C:\Program Files (x86)\MiKTeX 2.8\tex\latex\geometry\geometry.cfg"))
("C:\Program Files (x86)\MiKTeX 2.8\tex\latex\hyperref\hyperref.sty"
Package: hyperref 2010/01/25 v6.80d Hypertext links for LaTeX

("C:\Program Files (x86)\MiKTeX 2.8\tex\generic\oberdiek\kvsetkeys.sty"
Package: kvsetkeys 2009/12/22 v1.7 Key value parser (HO)

("C:\Program Files (x86)\MiKTeX 2.8\tex\generic\oberdiek\infwarerr.sty"
Package: infwarerr 2007/09/09 v1.2 Providing info/warning/message (HO)
)
("C:\Program Files (x86)\MiKTeX 2.8\tex\generic\oberdiek\etexcmds.sty"
Package: etexcmds 2007/12/12 v1.2 Prefix for e-TeX command names (HO)
Package etexcmds Info: Could not find \expanded.
(etexcmds)             That can mean that you are not using pdfTeX 1.50 or
(etexcmds)             that some package has redefined \expanded.
(etexcmds)             In the latter case, load this package earlier.
))
("C:\Program Files (x86)\MiKTeX 2.8\tex\generic\oberdiek\pdfescape.sty"
Package: pdfescape 2007/11/11 v1.8 Provides hex, PDF name and string conversions (HO)

("C:\Program Files (x86)\MiKTeX 2.8\tex\generic\oberdiek\pdftexcmds.sty"
Package: pdftexcmds 2009/12/12 v0.7 Utility functions of pdfTeX for LuaTeX (HO)

("C:\Program Files (x86)\MiKTeX 2.8\tex\generic\oberdiek\ifluatex.sty"
Package: ifluatex 2009/04/17 v1.2 Provides the ifluatex switch (HO)
Package ifluatex Info: LuaTeX not detected.
)
("C:\Program Files (x86)\MiKTeX 2.8\tex\generic\oberdiek\ltxcmds.sty"
Package: ltxcmds 2009/12/12 v1.1 LaTeX kernel commands for general use (HO)
)
Package pdftexcmds Info: LuaTeX not detected.
Package pdftexcmds Info: \pdf@primitive is available.
Package pdftexcmds Info: \pdf@ifprimitive is available.
))
("C:\Program Files (x86)\MiKTeX 2.8\tex\latex\ifxetex\ifxetex.sty"
Package: ifxetex 2009/01/23 v0.5 Provides ifxetex conditional
)
("C:\Program Files (x86)\MiKTeX 2.8\tex\latex\oberdiek\hycolor.sty"
Package: hycolor 2009/12/12 v1.6 Color options of hyperref/bookmark (HO)

("C:\Program Files (x86)\MiKTeX 2.8\tex\latex\oberdiek\xcolor-patch.sty"
Package: xcolor-patch 2009/12/12 xcolor patch
))
\@linkdim=\dimen157
\Hy@linkcounter=\count119
\Hy@pagecounter=\count120

("C:\Program Files (x86)\MiKTeX 2.8\tex\latex\hyperref\pd1enc.def"
File: pd1enc.def 2010/01/25 v6.80d Hyperref: PDFDocEncoding definition (HO)
)
("C:\Program Files (x86)\MiKTeX 2.8\tex\generic\oberdiek\intcalc.sty"
Package: intcalc 2007/09/27 v1.1 Expandable integer calculations (HO)
)
("C:\Program Files (x86)\MiKTeX 2.8\tex\latex\00miktex\hyperref.cfg"
File: hyperref.cfg 2002/06/06 v1.2 hyperref configuration of TeXLive
)
("C:\Program Files (x86)\MiKTeX 2.8\tex\latex\oberdiek\kvoptions.sty"
Package: kvoptions 2009/12/08 v3.6 Keyval support for LaTeX options (HO)
)
Package hyperref Info: Option `bookmarks' set `true' on input line 3214.
Package hyperref Info: Option `bookmarksopen' set `true' on input line 3214.
Package hyperref Info: Option `implicit' set `false' on input line 3214.
Package hyperref Info: Hyper figures OFF on input line 3295.
Package hyperref Info: Link nesting OFF on input line 3300.
Package hyperref Info: Hyper index ON on input line 3303.
Package hyperref Info: Plain pages OFF on input line 3310.
Package hyperref Info: Backreferencing OFF on input line 3315.

Implicit mode OFF; no redefinition of LaTeX internals
Package hyperref Info: Bookmarks ON on input line 3511.
("C:\Program Files (x86)\MiKTeX 2.8\tex\latex\ltxmisc\url.sty"
\Urlmuskip=\muskip10
Package: url 2006/04/12  ver 3.3  Verb mode for urls, etc.
)
LaTeX Info: Redefining \url on input line 3748.

("C:\Program Files (x86)\MiKTeX 2.8\tex\generic\oberdiek\bitset.sty"
Package: bitset 2007/09/28 v1.0 Data type bit set (HO)

("C:\Program Files (x86)\MiKTeX 2.8\tex\generic\oberdiek\bigintcalc.sty"
Package: bigintcalc 2007/11/11 v1.1 Expandable big integer calculations (HO)
))
\Fld@menulength=\count121
\Field@Width=\dimen158
\Fld@charsize=\dimen159
\Field@toks=\toks21
Package hyperref Info: Hyper figures OFF on input line 4707.
Package hyperref Info: Link nesting OFF on input line 4712.
Package hyperref Info: Hyper index ON on input line 4715.
Package hyperref Info: backreferencing OFF on input line 4722.
Package hyperref Info: Link coloring OFF on input line 4727.
Package hyperref Info: Link coloring with OCG OFF on input line 4732.
Package hyperref Info: PDF/A mode OFF on input line 4737.

("C:\Program Files (x86)\MiKTeX 2.8\tex\generic\oberdiek\atbegshi.sty"
Package: atbegshi 2009/12/02 v1.10 At begin shipout hook (HO)
)

Package hyperref Warning: Option `pdfpagelabels' is turned off
(hyperref)                because \thepage is undefined.

Hyperref stopped early
)
*hyperref using default driver hdvips*
("C:\Program Files (x86)\MiKTeX 2.8\tex\latex\hyperref\hdvips.def"
File: hdvips.def 2010/01/25 v6.80d Hyperref driver for dvips

("C:\Program Files (x86)\MiKTeX 2.8\tex\latex\hyperref\pdfmark.def"
File: pdfmark.def 2010/01/25 v6.80d Hyperref definitions for pdfmark specials
\pdf@docset=\toks22
\pdf@box=\box39
\pdf@toks=\toks23
\pdf@defaulttoks=\toks24
\Fld@listcount=\count122
\c@bookmark@seq@number=\count123

("C:\Program Files (x86)\MiKTeX 2.8\tex\latex\oberdiek\rerunfilecheck.sty"
Package: rerunfilecheck 2010/01/25 v1.3 Rerun checks for auxiliary files (HO)

("C:\Program Files (x86)\MiKTeX 2.8\tex\latex\oberdiek\atveryend.sty"
Package: atveryend 2010/01/25 v1.4 Hooks at very end of document (HO)
Package atveryend Info: \enddocument detected (standard).
)
("C:\Program Files (x86)\MiKTeX 2.8\tex\generic\oberdiek\uniquecounter.sty"
Package: uniquecounter 2009/12/18 v1.1 Provides unlimited unique counter (HO)
)
Package uniquecounter Info: New unique counter `rerunfilecheck' on input line 268.
)))
("C:\Program Files (x86)\MiKTeX 2.8\tex\latex\extsizes\size9.clo"
File: size9.clo 1999/11/11 v1.4a NON-Standard LaTeX file (size option)
)
("C:\Program Files (x86)\MiKTeX 2.8\tex\latex\beamer\base\beamerbasecompatibility.sty"
Package: beamerbasecompatibility 2007/01/28  (rcs-revision 1.63)
)
("C:\Program Files (x86)\MiKTeX 2.8\tex\latex\beamer\base\beamerbasefont.sty"
Package: beamerbasefont 2007/01/28  (rcs-revision 1.16)
)
("C:\Program Files (x86)\MiKTeX 2.8\tex\latex\beamer\base\beamerbasemisc.sty"
Package: beamerbasemisc 2007/01/28  (rcs-revision 1.24)
)
("C:\Program Files (x86)\MiKTeX 2.8\tex\latex\beamer\base\beamerbasetwoscreens.sty"
Package: beamerbasetwoscreens 2007/01/28  (rcs-revision 1.7)
)
("C:\Program Files (x86)\MiKTeX 2.8\tex\latex\beamer\base\beamerbaseoverlay.sty"
Package: beamerbaseoverlay 2007/01/28  (rcs-revision 1.50)
\beamer@argscount=\count124
\beamer@lastskipcover=\skip42
\beamer@trivlistdepth=\count125
)
("C:\Program Files (x86)\MiKTeX 2.8\tex\latex\beamer\base\beamerbasetitle.sty"
Package: beamerbasetitle 2007/01/28  (rcs-revision 1.25)
)
("C:\Program Files (x86)\MiKTeX 2.8\tex\latex\beamer\base\beamerbasesection.sty"
Package: beamerbasesection 2007/01/28  (rcs-revision 1.21)
\c@lecture=\count126
\c@part=\count127
\c@section=\count128
\c@subsection=\count129
\c@subsubsection=\count130
)
("C:\Program Files (x86)\MiKTeX 2.8\tex\latex\beamer\base\beamerbaseframe.sty"
Package: beamerbaseframe 2007/01/28  (rcs-revision 1.60)
\beamer@framebox=\box40
\beamer@frametitlebox=\box41
\beamer@zoombox=\box42
\beamer@zoomcount=\count131
\beamer@zoomframecount=\count132
\beamer@frametextheight=\dimen160
\c@subsectionslide=\count133
\beamer@frametopskip=\skip43
\beamer@framebottomskip=\skip44
\beamer@frametopskipautobreak=\skip45
\beamer@framebottomskipautobreak=\skip46
\beamer@envbody=\toks25
\c@framenumber=\count134
)
("C:\Program Files (x86)\MiKTeX 2.8\tex\latex\beamer\base\beamerbaseverbatim.sty"
Package: beamerbaseverbatim 2007/01/28  (rcs-revision 1.8)
\beamer@verbatimfileout=\write3
)
("C:\Program Files (x86)\MiKTeX 2.8\tex\latex\beamer\base\beamerbaseframesize.sty"
Package: beamerbaseframesize 2007/01/28  (rcs-revision 1.18)
\beamer@splitbox=\box43
\beamer@autobreakcount=\count135
\beamer@autobreaklastheight=\dimen161
\beamer@frametitletoks=\toks26
\beamer@framesubtitletoks=\toks27
)
("C:\Program Files (x86)\MiKTeX 2.8\tex\latex\beamer\base\beamerbaseframecomponents.sty"
Package: beamerbaseframecomponents 2007/01/28  (rcs-revision 1.41)
\beamer@footins=\box44
)
("C:\Program Files (x86)\MiKTeX 2.8\tex\latex\beamer\base\beamerbasecolor.sty"
Package: beamerbasecolor 2007/01/28  (rcs-revision 1.42)
)
("C:\Program Files (x86)\MiKTeX 2.8\tex\latex\beamer\base\beamerbasenotes.sty"
Package: beamerbasenotes 2007/01/28  (rcs-revision 1.23)
\beamer@frameboxcopy=\box45
)
("C:\Program Files (x86)\MiKTeX 2.8\tex\latex\beamer\base\beamerbasetoc.sty"
Package: beamerbasetoc 2007/01/28  (rcs-revision 1.21)
)
("C:\Program Files (x86)\MiKTeX 2.8\tex\latex\beamer\base\beamerbasetemplates.sty"
Package: beamerbasetemplates 2007/01/28  (rcs-revision 1.51)
\beamer@sbttoks=\toks28

("C:\Program Files (x86)\MiKTeX 2.8\tex\latex\beamer\base\beamerbaseauxtemplates.sty"
Package: beamerbaseauxtemplates 2007/01/28  (rcs-revision 1.28)

("C:\Program Files (x86)\MiKTeX 2.8\tex\latex\beamer\base\beamerbaseboxes.sty"
Package: beamerbaseboxes 2007/03/11  (rcs-revision 1.32)
\bmb@box=\box46
\bmb@colorbox=\box47
\bmb@boxshadow=\box48
\bmb@boxshadowball=\box49
\bmb@boxshadowballlarge=\box50
\bmb@temp=\dimen162
\bmb@dima=\dimen163
\bmb@dimb=\dimen164
\bmb@prevheight=\dimen165
)
\beamer@blockheadheight=\dimen166
))
("C:\Program Files (x86)\MiKTeX 2.8\tex\latex\beamer\base\beamerbaselocalstructure.sty"
Package: beamerbaselocalstructure 2007/01/28  (rcs-revision 1.53)

("C:\Program Files (x86)\MiKTeX 2.8\tex\latex\tools\enumerate.sty"
Package: enumerate 1999/03/05 v3.00 enumerate extensions (DPC)
\@enLab=\toks29
)
\c@figure=\count136
\c@table=\count137
\abovecaptionskip=\skip47
\belowcaptionskip=\skip48
)
("C:\Program Files (x86)\MiKTeX 2.8\tex\latex\beamer\base\beamerbasenavigation.sty"
Package: beamerbasenavigation 2007/01/28  (rcs-revision 1.36)
)
("C:\Program Files (x86)\MiKTeX 2.8\tex\latex\beamer\base\beamerbasetheorems.sty"
Package: beamerbasetheorems 2007/01/28  (rcs-revision 1.10)

("C:\Program Files (x86)\MiKTeX 2.8\tex\latex\translator\base\translator.sty"
Package: translator 2007/03/11 ver 1.00

("C:\Program Files (x86)\MiKTeX 2.8\tex\latex\translator\base\translator-language-mappings.tex"))
("C:\Program Files (x86)\MiKTeX 2.8\tex\latex\ams\math\amsmath.sty"
Package: amsmath 2000/07/18 v2.13 AMS math features
\@mathmargin=\skip49

For additional information on amsmath, use the `?' option.
("C:\Program Files (x86)\MiKTeX 2.8\tex\latex\ams\math\amstext.sty"
Package: amstext 2000/06/29 v2.01

("C:\Program Files (x86)\MiKTeX 2.8\tex\latex\ams\math\amsgen.sty"
File: amsgen.sty 1999/11/30 v2.0
\@emptytoks=\toks30
\ex@=\dimen167
))
("C:\Program Files (x86)\MiKTeX 2.8\tex\latex\ams\math\amsbsy.sty"
Package: amsbsy 1999/11/29 v1.2d
\pmbraise@=\dimen168
)
("C:\Program Files (x86)\MiKTeX 2.8\tex\latex\ams\math\amsopn.sty"
Package: amsopn 1999/12/14 v2.01 operator names
)
\inf@bad=\count138
LaTeX Info: Redefining \frac on input line 211.
\uproot@=\count139
\leftroot@=\count140
LaTeX Info: Redefining \overline on input line 307.
\classnum@=\count141
\DOTSCASE@=\count142
LaTeX Info: Redefining \ldots on input line 379.
LaTeX Info: Redefining \dots on input line 382.
LaTeX Info: Redefining \cdots on input line 467.
\Mathstrutbox@=\box51
\strutbox@=\box52
\big@size=\dimen169
LaTeX Font Info:    Redeclaring font encoding OML on input line 567.
LaTeX Font Info:    Redeclaring font encoding OMS on input line 568.
\macc@depth=\count143
\c@MaxMatrixCols=\count144
\dotsspace@=\muskip11
\c@parentequation=\count145
\dspbrk@lvl=\count146
\tag@help=\toks31
\row@=\count147
\column@=\count148
\maxfields@=\count149
\andhelp@=\toks32
\eqnshift@=\dimen170
\alignsep@=\dimen171
\tagshift@=\dimen172
\tagwidth@=\dimen173
\totwidth@=\dimen174
\lineht@=\dimen175
\@envbody=\toks33
\multlinegap=\skip50
\multlinetaggap=\skip51
\mathdisplay@stack=\toks34
LaTeX Info: Redefining \[ on input line 2666.
LaTeX Info: Redefining \] on input line 2667.
)
("C:\Program Files (x86)\MiKTeX 2.8\tex\latex\ams\classes\amsthm.sty"
Package: amsthm 2004/08/06 v2.20
\thm@style=\toks35
\thm@bodyfont=\toks36
\thm@headfont=\toks37
\thm@notefont=\toks38
\thm@headpunct=\toks39
\thm@preskip=\skip52
\thm@postskip=\skip53
\thm@headsep=\skip54
\dth@everypar=\toks40
)
\c@theorem=\count150
)
("C:\Program Files (x86)\MiKTeX 2.8\tex\latex\beamer\base\beamerbasethemes.sty"
Package: beamerbasethemes 2007/01/28  (rcs-revision 1.10)
)
("C:\Program Files (x86)\MiKTeX 2.8\tex\latex\beamer\themes\theme\beamerthemedefault.sty"
Package: beamerthemedefault 2007/01/28  (rcs-revision 1.7)

("C:\Program Files (x86)\MiKTeX 2.8\tex\latex\beamer\themes\font\beamerfontthemedefault.sty"
Package: beamerfontthemedefault 2007/01/28  (rcs-revision 1.13)
)
("C:\Program Files (x86)\MiKTeX 2.8\tex\latex\beamer\themes\color\beamercolorthemedefault.sty"
Package: beamercolorthemedefault 2007/01/28  (rcs-revision 1.28)
)
("C:\Program Files (x86)\MiKTeX 2.8\tex\latex\beamer\themes\inner\beamerinnerthemedefault.sty"
Package: beamerinnerthemedefault 2007/01/28  (rcs-revision 1.20)
\beamer@dima=\dimen176
\beamer@dimb=\dimen177
)
("C:\Program Files (x86)\MiKTeX 2.8\tex\latex\beamer\themes\outer\beamerouterthemedefault.sty"
Package: beamerouterthemedefault 2007/01/28  (rcs-revision 1.14)
)))
("C:\Program Files (x86)\MiKTeX 2.8\tex\latex\beamer\themes\theme\beamerthemeCopenhagen.sty"
Package: beamerthemeCopenhagen 2007/01/28  (rcs-revision 1.8)

("C:\Program Files (x86)\MiKTeX 2.8\tex\latex\beamer\themes\outer\beamerouterthemesplit.sty"
Package: beamerouterthemesplit 2007/01/28  (rcs-revision 1.5)
)
("C:\Program Files (x86)\MiKTeX 2.8\tex\latex\beamer\themes\inner\beamerinnerthemerounded.sty"
Package: beamerinnerthemerounded 2007/01/28  (rcs-revision 1.5)
)
("C:\Program Files (x86)\MiKTeX 2.8\tex\latex\beamer\themes\color\beamercolorthemewhale.sty"
Package: beamercolorthemewhale 2007/01/28  (rcs-revision 1.4)
)
("C:\Program Files (x86)\MiKTeX 2.8\tex\latex\beamer\themes\color\beamercolorthemeorchid.sty"
Package: beamercolorthemeorchid 2007/01/28  (rcs-revision 1.3)
))
("C:\Program Files (x86)\MiKTeX 2.8\tex\latex\base\inputenc.sty"
Package: inputenc 2008/03/30 v1.1d Input encoding file
\inpenc@prehook=\toks41
\inpenc@posthook=\toks42

("C:\Program Files (x86)\MiKTeX 2.8\tex\latex\base\latin1.def"
File: latin1.def 2008/03/30 v1.1d Input encoding file
))
("C:\Program Files (x86)\MiKTeX 2.8\tex\generic\babel\babel.sty"
Package: babel 2008/07/06 v3.8l The Babel package

*************************************
* Local config file bblopts.cfg used
*
("C:\Program Files (x86)\MiKTeX 2.8\tex\latex\00miktex\bblopts.cfg"
File: bblopts.cfg 2006/07/31 v1.0 MiKTeX 'babel' configuration
)
("C:\Program Files (x86)\MiKTeX 2.8\tex\generic\babel\spanish.ldf"
Language: spanish.ldf 2009/01/02 v5.0h Spanish support from the babel system

("C:\Program Files (x86)\MiKTeX 2.8\tex\generic\babel\babel.def"
File: babel.def 2008/07/06 v3.8l Babel common definitions
LaTeX Info: Redefining \textlatin on input line 82.
\babel@savecnt=\count151
\U@D=\dimen178
)

Package babel Warning: No hyphenation patterns were loaded for
(babel)                the language `Spanish'
(babel)                I will use the patterns loaded for \language=0 instead.

\l@spanish = a dialect from \language0
\es@datefmt=\count152
\es@quottoks=\toks43
\es@quotdepth=\count153
Package babel Info: Making " an active character on input line 492.
Package babel Info: Making . an active character on input line 585.
Package babel Info: Making < an active character on input line 630.
Package babel Info: Making > an active character on input line 630.
)) ("C:\Program Files (x86)\MiKTeX 2.8\tex\latex\ams\math\amsxtra.sty"
Package: amsxtra 1999/11/15 v1.2c
LaTeX Info: Redefining \nobreakspace on input line 77.
)
("C:\Program Files (x86)\MiKTeX 2.8\tex\latex\lipsum\lipsum.sty"
Package: lipsum 2005/01/26 v1.0 150 paragraphs of Lorem Ipsum dummy text
File: lipsum.dtx 2005/01/26 v1.0 150 paragraphs of Lorem Ipsum dummy text
\c@lips@count=\count154
)
("C:\Program Files (x86)\MiKTeX 2.8\tex\latex\base\latexsym.sty"
Package: latexsym 1998/08/17 v2.2e Standard LaTeX package (lasy symbols)
\symlasy=\mathgroup6
LaTeX Font Info:    Overwriting symbol font `lasy' in version `bold'
(Font)                  U/lasy/m/n --> U/lasy/b/n on input line 47.
)
("C:\Program Files (x86)\MiKTeX 2.8\tex\latex\tools\bm.sty"
Package: bm 2004/02/26 v1.1c Bold Symbol Support (DPC/FMi)
\symboldoperators=\mathgroup7
\symboldletters=\mathgroup8
\symboldsymbols=\mathgroup9
\symboldlasy=\mathgroup10
LaTeX Font Info:    Redeclaring math alphabet \mathbf on input line 138.
LaTeX Info: Redefining \bm on input line 204.
)
("C:\Program Files (x86)\MiKTeX 2.8\tex\latex\base\textcomp.sty"
Package: textcomp 2005/09/27 v1.99g Standard LaTeX package
Package textcomp Info: Sub-encoding information:
(textcomp)               5 = only ISO-Adobe without \textcurrency
(textcomp)               4 = 5 + \texteuro
(textcomp)               3 = 4 + \textohm
(textcomp)               2 = 3 + \textestimated + \textcurrency
(textcomp)               1 = TS1 - \textcircled - \t
(textcomp)               0 = TS1 (full)
(textcomp)             Font families with sub-encoding setting implement
(textcomp)             only a restricted character set as indicated.
(textcomp)             Family '?' is the default used for unknown fonts.
(textcomp)             See the documentation for details.
Package textcomp Info: Setting ? sub-encoding to TS1/1 on input line 71.

("C:\Program Files (x86)\MiKTeX 2.8\tex\latex\base\ts1enc.def"
File: ts1enc.def 2001/06/05 v3.0e (jk/car/fm) Standard LaTeX file
)
LaTeX Info: Redefining \oldstylenums on input line 266.
Package textcomp Info: Setting cmr sub-encoding to TS1/0 on input line 281.
Package textcomp Info: Setting cmss sub-encoding to TS1/0 on input line 282.
Package textcomp Info: Setting cmtt sub-encoding to TS1/0 on input line 283.
Package textcomp Info: Setting cmvtt sub-encoding to TS1/0 on input line 284.
Package textcomp Info: Setting cmbr sub-encoding to TS1/0 on input line 285.
Package textcomp Info: Setting cmtl sub-encoding to TS1/0 on input line 286.
Package textcomp Info: Setting ccr sub-encoding to TS1/0 on input line 287.
Package textcomp Info: Setting ptm sub-encoding to TS1/4 on input line 288.
Package textcomp Info: Setting pcr sub-encoding to TS1/4 on input line 289.
Package textcomp Info: Setting phv sub-encoding to TS1/4 on input line 290.
Package textcomp Info: Setting ppl sub-encoding to TS1/3 on input line 291.
Package textcomp Info: Setting pag sub-encoding to TS1/4 on input line 292.
Package textcomp Info: Setting pbk sub-encoding to TS1/4 on input line 293.
Package textcomp Info: Setting pnc sub-encoding to TS1/4 on input line 294.
Package textcomp Info: Setting pzc sub-encoding to TS1/4 on input line 295.
Package textcomp Info: Setting bch sub-encoding to TS1/4 on input line 296.
Package textcomp Info: Setting put sub-encoding to TS1/5 on input line 297.
Package textcomp Info: Setting uag sub-encoding to TS1/5 on input line 298.
Package textcomp Info: Setting ugq sub-encoding to TS1/5 on input line 299.
Package textcomp Info: Setting ul8 sub-encoding to TS1/4 on input line 300.
Package textcomp Info: Setting ul9 sub-encoding to TS1/4 on input line 301.
Package textcomp Info: Setting augie sub-encoding to TS1/5 on input line 302.
Package textcomp Info: Setting dayrom sub-encoding to TS1/3 on input line 303.
Package textcomp Info: Setting dayroms sub-encoding to TS1/3 on input line 304.
Package textcomp Info: Setting pxr sub-encoding to TS1/0 on input line 305.
Package textcomp Info: Setting pxss sub-encoding to TS1/0 on input line 306.
Package textcomp Info: Setting pxtt sub-encoding to TS1/0 on input line 307.
Package textcomp Info: Setting txr sub-encoding to TS1/0 on input line 308.
Package textcomp Info: Setting txss sub-encoding to TS1/0 on input line 309.
Package textcomp Info: Setting txtt sub-encoding to TS1/0 on input line 310.
Package textcomp Info: Setting futs sub-encoding to TS1/4 on input line 311.
Package textcomp Info: Setting futx sub-encoding to TS1/4 on input line 312.
Package textcomp Info: Setting futj sub-encoding to TS1/4 on input line 313.
Package textcomp Info: Setting hlh sub-encoding to TS1/3 on input line 314.
Package textcomp Info: Setting hls sub-encoding to TS1/3 on input line 315.
Package textcomp Info: Setting hlst sub-encoding to TS1/3 on input line 316.
Package textcomp Info: Setting hlct sub-encoding to TS1/5 on input line 317.
Package textcomp Info: Setting hlx sub-encoding to TS1/5 on input line 318.
Package textcomp Info: Setting hlce sub-encoding to TS1/5 on input line 319.
Package textcomp Info: Setting hlcn sub-encoding to TS1/5 on input line 320.
Package textcomp Info: Setting hlcw sub-encoding to TS1/5 on input line 321.
Package textcomp Info: Setting hlcf sub-encoding to TS1/5 on input line 322.
Package textcomp Info: Setting pplx sub-encoding to TS1/3 on input line 323.
Package textcomp Info: Setting pplj sub-encoding to TS1/3 on input line 324.
Package textcomp Info: Setting ptmx sub-encoding to TS1/4 on input line 325.
Package textcomp Info: Setting ptmj sub-encoding to TS1/4 on input line 326.
)
("C:\Program Files (x86)\MiKTeX 2.8\tex\latex\setspace\setspace.sty"
Package: setspace 2000/12/01 6.7 Contributed and Supported LaTeX2e package

Package: `setspace' 6.7 <2000/12/01>
) ("C:\Program Files (x86)\MiKTeX 2.8\tex\latex\graphics\lscape.sty"
Package: lscape 2000/10/22 v3.01 Landscape Pages (DPC)
)
("C:\Program Files (x86)\MiKTeX 2.8\tex\latex\tools\multicol.sty"
Package: multicol 2008/12/05 v1.6h multicolumn formatting (FMi)
\c@tracingmulticols=\count155
\mult@box=\box53
\multicol@leftmargin=\dimen179
\c@unbalance=\count156
\c@collectmore=\count157
\doublecol@number=\count158
\multicoltolerance=\count159
\multicolpretolerance=\count160
\full@width=\dimen180
\page@free=\dimen181
\premulticols=\dimen182
\postmulticols=\dimen183
\multicolsep=\skip55
\multicolbaselineskip=\skip56
\partial@page=\box54
\last@line=\box55
\mult@rightbox=\box56
\mult@grightbox=\box57
\mult@gfirstbox=\box58
\mult@firstbox=\box59
\@tempa=\box60
\@tempa=\box61
\@tempa=\box62
\@tempa=\box63
\@tempa=\box64
\@tempa=\box65
\@tempa=\box66
\@tempa=\box67
\@tempa=\box68
\@tempa=\box69
\@tempa=\box70
\@tempa=\box71
\@tempa=\box72
\@tempa=\box73
\@tempa=\box74
\@tempa=\box75
\@tempa=\box76
\c@columnbadness=\count161
\c@finalcolumnbadness=\count162
\last@try=\dimen184
\multicolovershoot=\dimen185
\multicolundershoot=\dimen186
\mult@nat@firstbox=\box77
\colbreak@box=\box78
)
("C:\Program Files (x86)\MiKTeX 2.8\tex\latex\multirow\multirow.sty"
\bigstrutjot=\dimen187
)
("C:\Program Files (x86)\MiKTeX 2.8\tex\latex\float\float.sty"
Package: float 2001/11/08 v1.3d Float enhancements (AL)
\c@float@type=\count163
\float@exts=\toks44
\float@box=\box79
\@float@everytoks=\toks45
\@floatcapt=\box80
)
("C:\Program Files (x86)\MiKTeX 2.8\tex\latex\tools\verbatim.sty"
Package: verbatim 2003/08/22 v1.5q LaTeX2e package for verbatim enhancements
\every@verbatim=\toks46
\verbatim@line=\toks47
\verbatim@in@stream=\read1
)
("C:\Program Files (x86)\MiKTeX 2.8\tex\latex\ms\ragged2e.sty"
Package: ragged2e 2009/05/21 v2.1 ragged2e Package (MS)

("C:\Program Files (x86)\MiKTeX 2.8\tex\latex\ms\everysel.sty"
Package: everysel 2009/05/30 v1.1 EverySelectfont Package (MS)
)
\CenteringLeftskip=\skip57
\RaggedLeftLeftskip=\skip58
\RaggedRightLeftskip=\skip59
\CenteringRightskip=\skip60
\RaggedLeftRightskip=\skip61
\RaggedRightRightskip=\skip62
\CenteringParfillskip=\skip63
\RaggedLeftParfillskip=\skip64
\RaggedRightParfillskip=\skip65
\JustifyingParfillskip=\skip66
\CenteringParindent=\skip67
\RaggedLeftParindent=\skip68
\RaggedRightParindent=\skip69
\JustifyingParindent=\skip70
)
("C:\Program Files (x86)\MiKTeX 2.8\tex\latex\ltxmisc\threeparttable.sty"
Package: threeparttable 2003/06/13  v 3.0
\@tempboxb=\box81
)
("C:\Program Files (x86)\MiKTeX 2.8\tex\latex\tools\tabularx.sty"
Package: tabularx 1999/01/07 v2.07 `tabularx' package (DPC)

("C:\Program Files (x86)\MiKTeX 2.8\tex\latex\tools\array.sty"
Package: array 2008/09/09 v2.4c Tabular extension package (FMi)
\col@sep=\dimen188
\extrarowheight=\dimen189
\NC@list=\toks48
\extratabsurround=\skip71
\backup@length=\skip72
)
\TX@col@width=\dimen190
\TX@old@table=\dimen191
\TX@old@col=\dimen192
\TX@target=\dimen193
\TX@delta=\dimen194
\TX@cols=\count164
\TX@ftn=\toks49
)
("C:\Program Files (x86)\MiKTeX 2.8\tex\latex\tools\longtable.sty"
Package: longtable 2004/02/01 v4.11 Multi-page Table package (DPC)
\LTleft=\skip73
\LTright=\skip74
\LTpre=\skip75
\LTpost=\skip76
\LTchunksize=\count165
\LTcapwidth=\dimen195
\LT@head=\box82
\LT@firsthead=\box83
\LT@foot=\box84
\LT@lastfoot=\box85
\LT@cols=\count166
\LT@rows=\count167
\c@LT@tables=\count168
\c@LT@chunks=\count169
\LT@p@ftn=\toks50
)
("C:\Program Files (x86)\MiKTeX 2.8\tex\latex\wrapfig\wrapfig.sty"
\wrapoverhang=\dimen196
\WF@size=\dimen197
\c@WF@wrappedlines=\count170
\WF@box=\box86
\WF@everypar=\toks51
Package: wrapfig 2003/01/31  v 3.6
)
("C:\Program Files (x86)\MiKTeX 2.8\tex\latex\psnfss\pifont.sty"
Package: pifont 2005/04/12 PSNFSS-v9.2a Pi font support (SPQR) 
LaTeX Font Info:    Try loading font information for U+pzd on input line 63.

("C:\Program Files (x86)\MiKTeX 2.8\tex\latex\psnfss\upzd.fd"
File: upzd.fd 2001/06/04 font definitions for U/pzd.
)
LaTeX Font Info:    Try loading font information for U+psy on input line 64.

("C:\Program Files (x86)\MiKTeX 2.8\tex\latex\psnfss\upsy.fd"
File: upsy.fd 2001/06/04 font definitions for U/psy.
))

Package hyperref Warning: Option `pagebackref' has already been used,
(hyperref)                setting the option has no effect on input line 63.

Package hyperref Info: Option `colorlinks' set `true' on input line 63.
Package hyperref Info: Option `breaklinks' set `true' on input line 63.
("C:\Program Files (x86)\MiKTeX 2.8\tex\latex\enumitem\enumitem.sty"
Package: enumitem 2009/05/18 v2.2 Customized lists
\enit@toks=\toks52
\labelindent=\skip77
\enit@outerparindent=\dimen198
\enitdp@desc=\count171
)
("C:\Program Files (x86)\MiKTeX 2.8\tex\latex\upquote\upquote.sty"
Package: upquote 2003/08/11 v1.1 Covington's upright-quote modification to verbatim and verb
)
("D:\Juan Camilo\UN\Maestria en Ciencias Estadisticas\TESIS\Tesis\Sustentacion_tesis\Sustentacion_Tesis_Slides.aux")
LaTeX Font Info:    Checking defaults for OML/cmm/m/it on input line 83.
LaTeX Font Info:    ... okay on input line 83.
LaTeX Font Info:    Checking defaults for T1/cmr/m/n on input line 83.
LaTeX Font Info:    ... okay on input line 83.
LaTeX Font Info:    Checking defaults for OT1/cmr/m/n on input line 83.
LaTeX Font Info:    ... okay on input line 83.
LaTeX Font Info:    Checking defaults for OMS/cmsy/m/n on input line 83.
LaTeX Font Info:    ... okay on input line 83.
LaTeX Font Info:    Checking defaults for OMX/cmex/m/n on input line 83.
LaTeX Font Info:    ... okay on input line 83.
LaTeX Font Info:    Checking defaults for U/cmr/m/n on input line 83.
LaTeX Font Info:    ... okay on input line 83.
LaTeX Font Info:    Checking defaults for PD1/pdf/m/n on input line 83.
LaTeX Font Info:    ... okay on input line 83.
LaTeX Font Info:    Checking defaults for TS1/cmr/m/n on input line 83.
LaTeX Font Info:    Try loading font information for TS1+cmr on input line 83.

("C:\Program Files (x86)\MiKTeX 2.8\tex\latex\base\ts1cmr.fd"
File: ts1cmr.fd 1999/05/25 v2.5h Standard LaTeX font definitions
)
LaTeX Font Info:    ... okay on input line 83.

*geometry auto-detecting driver*
*geometry detected driver: dvips*
-------------------- Geometry parameters
paper: user defined
landscape: --
twocolumn: --
twoside: --
asymmetric: --
h-parts: 28.45274pt, 307.28987pt, 28.45274pt
v-parts: 0.0pt, 273.14662pt, 0.0pt
hmarginratio: --
vmarginratio: --
lines: --
heightrounded: --
bindingoffset: 0.0pt
truedimen: --
includehead: true
includefoot: true
includemp: --
driver: dvips
-------------------- Page layout dimensions and switches
\paperwidth  364.19536pt
\paperheight 273.14662pt
\textwidth  307.28987pt
\textheight 244.6939pt
\oddsidemargin  -43.81725pt
\evensidemargin -43.81725pt
\topmargin  -72.26999pt
\headheight 14.22636pt
\headsep    0.0pt
\footskip   14.22636pt
\marginparwidth 4.0pt
\marginparsep   10.0pt
\columnsep  10.0pt
\skip\footins  8.0pt plus 4.0pt minus 2.0pt
\hoffset 0.0pt
\voffset 0.0pt
\mag 1000

(1in=72.27pt, 1cm=28.45pt)
-----------------------
Package hyperref Info: Link coloring ON on input line 83.
("C:\Program Files (x86)\MiKTeX 2.8\tex\latex\hyperref\nameref.sty"
Package: nameref 2010/01/25 v2.36 Cross-referencing by name of section

("C:\Program Files (x86)\MiKTeX 2.8\tex\latex\oberdiek\refcount.sty"
Package: refcount 2008/08/11 v3.1 Data extraction from references (HO)
)
("C:\Program Files (x86)\MiKTeX 2.8\tex\generic\oberdiek\gettitlestring.sty"
Package: gettitlestring 2009/12/18 v1.3 Cleanup title references (HO)
)
\c@section@level=\count172
)
LaTeX Info: Redefining \ref on input line 83.
LaTeX Info: Redefining \pageref on input line 83.

("D:\Juan Camilo\UN\Maestria en Ciencias Estadisticas\TESIS\Tesis\Sustentacion_tesis\Sustentacion_Tesis_Slides.out")
("D:\Juan Camilo\UN\Maestria en Ciencias Estadisticas\TESIS\Tesis\Sustentacion_tesis\Sustentacion_Tesis_Slides.out")
\@outlinefile=\write4
\AtBeginShipoutBox=\box87

("C:\Program Files (x86)\MiKTeX 2.8\tex\latex\translator\dicts\theorem\translator-theorem-dictionary-English.dict"
Dictionary: translator-theorem-dictionary, Language: English 
)
LaTeX Info: Redefining \selectfont on input line 83.

("D:\Juan Camilo\UN\Maestria en Ciencias Estadisticas\TESIS\Tesis\Sustentacion_tesis\Sustentacion_Tesis_Slides.nav")

Package hyperref Warning: Option `pdfauthor' has already been used,
(hyperref)                setting the option has no effect on input line 87.


LaTeX Font Warning: Font shape `OT1/cmr/m/n' in size <4> not available
(Font)              size <5> substituted on input line 94.

[1

] ("D:\Juan Camilo\UN\Maestria en Ciencias Estadisticas\TESIS\Tesis\Sustentacion_tesis\Sustentacion_Tesis_Slides.toc") [
2

] [3

] [4

] [5

]
File: Estado_Arte.eps Graphic file (type eps)
 <Estado_Arte.eps>
Overfull \hbox (21.95876pt too wide) in paragraph at lines 123--123
 [] 
 []

[6

] [7

] [8

] [9

] [10

]
LaTeX Font Info:    Try loading font information for U+msa on input line 182.
 ("C:\Program Files (x86)\MiKTeX 2.8\tex\latex\amsfonts\umsa.fd"
File: umsa.fd 2009/06/22 v3.00 AMS symbols A
)
LaTeX Font Info:    Try loading font information for U+msb on input line 182.

("C:\Program Files (x86)\MiKTeX 2.8\tex\latex\amsfonts\umsb.fd"
File: umsb.fd 2009/06/22 v3.00 AMS symbols B
)
LaTeX Font Info:    Try loading font information for U+lasy on input line 182.

("C:\Program Files (x86)\MiKTeX 2.8\tex\latex\base\ulasy.fd"
File: ulasy.fd 1998/08/17 v2.2e LaTeX symbol font definitions
)
LaTeX Font Info:    Font shape `U/lasy/b/n' in size <9> not available
(Font)              Font shape `U/lasy/m/n' tried instead on input line 182.
LaTeX Font Info:    Font shape `U/lasy/b/n' in size <6> not available
(Font)              Font shape `U/lasy/m/n' tried instead on input line 182.
LaTeX Font Info:    Font shape `U/lasy/b/n' in size <5> not available
(Font)              Font shape `U/lasy/m/n' tried instead on input line 182.
 [11

] [12

] [13

]
Overfull \hbox (1.30904pt too wide) detected at line 245
\OML/cmm/m/it/9 L\OT1/cmr/m/n/9 (\OML/cmm/b/it/9 \OT1/cmr/m/n/9 ) = [] \OML/cmm/m/it/9 g\OT1/cmr/m/n/9 (\OT1/cmr/bx/n/9
 y[]\OT1/cmr/m/n/9 ; \OML/cmm/m/it/9 []; []; p[]; p[]\OT1/cmr/m/n/9 ) = [] \OML/cmm/m/it/9 f[]\OT1/cmr/m/n/9 (\OT1/cmr
/bx/n/9 y[]\OT1/cmr/m/n/9 ; \OML/cmm/m/it/9 p[]\OT1/cmr/m/n/9 ) [] \OML/cmm/m/it/9 f[]\OT1/cmr/m/n/9 (\OT1/cmr/bx/n/9 y[
]\OT1/cmr/m/n/9 ; \OML/cmm/m/it/9 p[]\OT1/cmr/m/n/9 ) [] \OML/cmm/m/it/9 f[]\OT1/cmr/m/n/9 (\OT1/cmr/bx/n/9 y[]\OT1/cmr/
m/n/9 ; \OML/cmm/m/it/9 []; []\OT1/cmr/m/n/9 )
 []

[14

] [15

] [16

] [17

] [18

] [19

]
Overfull \hbox (19.60544pt too wide) detected at line 315
\OML/cmm/m/it/9 `\OT1/cmr/m/n/9 (\OML/cmm/b/it/9 \OT1/cmr/m/n/9 ) = [] \OML/cmm/m/it/9 log []
 []

[20

]
Overfull \hbox (10.67316pt too wide) detected at line 329
\OML/cmm/m/it/9 `\OT1/cmr/m/n/9 (\OML/cmm/b/it/9 \OT1/cmr/m/n/9 ) \OMS/cmsy/m/n/9  [] \OML/cmm/m/it/9 log[]
 []

[21

] ("D:\Juan Camilo\UN\Maestria en Ciencias Estadisticas\TESIS\Tesis\Sustentacion_tesis\Sustentacion_Tesis_Slides.vrb") [
22

] ("D:\Juan Camilo\UN\Maestria en Ciencias Estadisticas\TESIS\Tesis\Sustentacion_tesis\Sustentacion_Tesis_Slides.vrb"
File: Logo_ZOIP.eps Graphic file (type eps)
 <Logo_ZOIP.eps>
Overfull \hbox (5.83578pt too wide) in paragraph at lines 6--7
 [][] 
 []

) [23

] ("D:\Juan Camilo\UN\Maestria en Ciencias Estadisticas\TESIS\Tesis\Sustentacion_tesis\Sustentacion_Tesis_Slides.vrb") [
24

]
("D:\Juan Camilo\UN\Maestria en Ciencias Estadisticas\TESIS\Tesis\Sustentacion_tesis\Sustentacion_Tesis_Slides.vrb"
Overfull \hbox (18.73134pt too wide) in paragraph at lines 15--15
[]\OT1/cmtt/m/n/9 mod<-RMM.ZOIP(formula.mu = Y ~ log(Days), formula.sigma = ~log(Days),[] 
 []

) [25

] ("D:\Juan Camilo\UN\Maestria en Ciencias Estadisticas\TESIS\Tesis\Sustentacion_tesis\Sustentacion_Tesis_Slides.vrb") [
26

]
("D:\Juan Camilo\UN\Maestria en Ciencias Estadisticas\TESIS\Tesis\Sustentacion_tesis\Sustentacion_Tesis_Slides.vrb")
[27

] ("D:\Juan Camilo\UN\Maestria en Ciencias Estadisticas\TESIS\Tesis\Sustentacion_tesis\Sustentacion_Tesis_Slides.vrb") [
28

] ("D:\Juan Camilo\UN\Maestria en Ciencias Estadisticas\TESIS\Tesis\Sustentacion_tesis\Sustentacion_Tesis_Slides.vrb"
File: Aplicacion_SC.eps Graphic file (type eps)
 <Aplicacion_SC.eps>)
Overfull \vbox (8.47665pt too high) detected at line 616
 []

[29

] ("D:\Juan Camilo\UN\Maestria en Ciencias Estadisticas\TESIS\Tesis\Sustentacion_tesis\Sustentacion_Tesis_Slides.vrb") [
30

] ("D:\Juan Camilo\UN\Maestria en Ciencias Estadisticas\TESIS\Tesis\Sustentacion_tesis\Sustentacion_Tesis_Slides.vrb") [
31

]
("D:\Juan Camilo\UN\Maestria en Ciencias Estadisticas\TESIS\Tesis\Sustentacion_tesis\Sustentacion_Tesis_Slides.vrb")
[32

] ("D:\Juan Camilo\UN\Maestria en Ciencias Estadisticas\TESIS\Tesis\Sustentacion_tesis\Sustentacion_Tesis_Slides.vrb") [
33

] ("D:\Juan Camilo\UN\Maestria en Ciencias Estadisticas\TESIS\Tesis\Sustentacion_tesis\Sustentacion_Tesis_Slides.vrb"
Overfull \hbox (21.98161pt too wide) in paragraph at lines 6--26
 [] 
 []

LaTeX Font Info:    Font shape `U/lasy/b/n' in size <8> not available
(Font)              Font shape `U/lasy/m/n' tried instead on input line 26.
) [34

] ("D:\Juan Camilo\UN\Maestria en Ciencias Estadisticas\TESIS\Tesis\Sustentacion_tesis\Sustentacion_Tesis_Slides.vrb") [
35

]
("D:\Juan Camilo\UN\Maestria en Ciencias Estadisticas\TESIS\Tesis\Sustentacion_tesis\Sustentacion_Tesis_Slides.vrb")
[36

] ("D:\Juan Camilo\UN\Maestria en Ciencias Estadisticas\TESIS\Tesis\Sustentacion_tesis\Sustentacion_Tesis_Slides.vrb") [
37

] [38

] [39

] [40

] [41

]
Overfull \hbox (8.12024pt too wide) in paragraph at lines 775--775
[]\OT1/cmr/bx/n/9 Escenario 4: \OT1/cmr/m/n/9 Dis-tribu-cion ZOIP-simplex$(\OML/cmm/m/it/9  \OT1/cmr/m/n/9 = 0\OML/cmm
/m/it/9 :\OT1/cmr/m/n/9 4\OML/cmm/m/it/9 ;  \OT1/cmr/m/n/9 = 0\OML/cmm/m/it/9 :\OT1/cmr/m/n/9 2\OML/cmm/m/it/9 ; p[] \O
T1/cmr/m/n/9 = 0\OML/cmm/m/it/9 :\OT1/cmr/m/n/9 03\OML/cmm/m/it/9 ; p[] \OT1/cmr/m/n/9 =
 []

[42

]
Overfull \hbox (8.12024pt too wide) in paragraph at lines 775--775
[]\OT1/cmr/bx/n/9 Escenario 4: \OT1/cmr/m/n/9 Dis-tribu-cion ZOIP-simplex$(\OML/cmm/m/it/9  \OT1/cmr/m/n/9 = 0\OML/cmm
/m/it/9 :\OT1/cmr/m/n/9 4\OML/cmm/m/it/9 ;  \OT1/cmr/m/n/9 = 0\OML/cmm/m/it/9 :\OT1/cmr/m/n/9 2\OML/cmm/m/it/9 ; p[] \O
T1/cmr/m/n/9 = 0\OML/cmm/m/it/9 :\OT1/cmr/m/n/9 03\OML/cmm/m/it/9 ; p[] \OT1/cmr/m/n/9 =
 []

[43

]
Overfull \hbox (8.12024pt too wide) in paragraph at lines 775--775
[]\OT1/cmr/bx/n/9 Escenario 4: \OT1/cmr/m/n/9 Dis-tribu-cion ZOIP-simplex$(\OML/cmm/m/it/9  \OT1/cmr/m/n/9 = 0\OML/cmm
/m/it/9 :\OT1/cmr/m/n/9 4\OML/cmm/m/it/9 ;  \OT1/cmr/m/n/9 = 0\OML/cmm/m/it/9 :\OT1/cmr/m/n/9 2\OML/cmm/m/it/9 ; p[] \O
T1/cmr/m/n/9 = 0\OML/cmm/m/it/9 :\OT1/cmr/m/n/9 03\OML/cmm/m/it/9 ; p[] \OT1/cmr/m/n/9 =
 []

[44

]
Overfull \hbox (8.12024pt too wide) in paragraph at lines 775--775
[]\OT1/cmr/bx/n/9 Escenario 4: \OT1/cmr/m/n/9 Dis-tribu-cion ZOIP-simplex$(\OML/cmm/m/it/9  \OT1/cmr/m/n/9 = 0\OML/cmm
/m/it/9 :\OT1/cmr/m/n/9 4\OML/cmm/m/it/9 ;  \OT1/cmr/m/n/9 = 0\OML/cmm/m/it/9 :\OT1/cmr/m/n/9 2\OML/cmm/m/it/9 ; p[] \O
T1/cmr/m/n/9 = 0\OML/cmm/m/it/9 :\OT1/cmr/m/n/9 03\OML/cmm/m/it/9 ; p[] \OT1/cmr/m/n/9 =
 []

[45

]
File: Simulacion_RS_FC.eps Graphic file (type eps)
 <Simulacion_RS_FC.eps>
Overfull \vbox (5.31477pt too high) detected at line 786
 []

[46

]
File: Simulacion_Ori_Sim.eps Graphic file (type eps)
 <Simulacion_Ori_Sim.eps>
Overfull \vbox (5.31477pt too high) detected at line 796
 []

[47

]
File: Mape_gnrl.eps Graphic file (type eps)
 <Mape_gnrl.eps> [48

] [49

] [50

] [51

]
File: Converg_FC.eps Graphic file (type eps)
 <Converg_FC.eps>
Overfull \vbox (5.31477pt too high) detected at line 841
 []

[52

]
File: Converg_RS.eps Graphic file (type eps)
 <Converg_RS.eps>
Overfull \vbox (5.31477pt too high) detected at line 852
 []

[53

] [54

] [55

]
File: Esc_sim_mix.eps Graphic file (type eps)
 <Esc_sim_mix.eps> [56

]
File: Ajuste_expo_mix.eps Graphic file (type eps)
 <Ajuste_expo_mix.eps> [57

]
Overfull \hbox (16.87167pt too wide) in paragraph at lines 940--940
 [] 
 []

[58

]
Overfull \hbox (7.85pt too wide) in paragraph at lines 965--965
 [] 
 []

[59

]
File: MAPE_lambda1_mu.eps Graphic file (type eps)
 <MAPE_lambda1_mu.eps>
Overfull \vbox (1.31598pt too high) detected at line 975
 []

[60

]
File: MAPE_lambda2_sigma.eps Graphic file (type eps)
 <MAPE_lambda2_sigma.eps>
Overfull \vbox (1.31598pt too high) detected at line 985
 []

[61

]
File: time_mix_ZOIP.eps Graphic file (type eps)
 <time_mix_ZOIP.eps> [62

] [63

] [64

] [65

] [66

]
("D:\Juan Camilo\UN\Maestria en Ciencias Estadisticas\TESIS\Tesis\Sustentacion_tesis\Sustentacion_Tesis_Slides.bbl"
File: beamericonarticle.eps Graphic file (type eps)

<beamericonarticle.eps>
File: beamericonarticle.eps Graphic file (type eps)
 <beamericonarticle.eps>
File: beamericonarticle.eps Graphic file (type eps)
 <beamericonarticle.eps>
File: beamericonarticle.eps Graphic file (type eps)
 <beamericonarticle.eps>
File: beamericonarticle.eps Graphic file (type eps)
 <beamericonarticle.eps>
File: beamericonarticle.eps Graphic file (type eps)

<beamericonarticle.eps>
File: beamericonarticle.eps Graphic file (type eps)
 <beamericonarticle.eps>
File: beamericonarticle.eps Graphic file (type eps)
 <beamericonarticle.eps>
File: beamericonarticle.eps Graphic file (type eps)
 <beamericonarticle.eps>
File: beamericonarticle.eps Graphic file (type eps)
 <beamericonarticle.eps>
File: beamericonarticle.eps Graphic file (type eps)

<beamericonarticle.eps>
File: beamericonarticle.eps Graphic file (type eps)
 <beamericonarticle.eps>
File: beamericonarticle.eps Graphic file (type eps)
 <beamericonarticle.eps>
File: beamericonarticle.eps Graphic file (type eps)
 <beamericonarticle.eps>) [67

] [68


] [69


] [70


]
[71

] [72

] [73

] [74

]
Overfull \hbox (3.7538pt too wide) in paragraph at lines 1152--1152
[]\OT1/cmr/m/n/9 la dis-tribu-cion sim-plex es in-tro-duci-da por Barndorff-Nielsen y Jrgensen(1991)
 []

[75

] [76

] [77

] [78

] [79

] [80

] [81

]
\tf@nav=\write5
\tf@toc=\write6
\tf@snm=\write7
Package atveryend Info: Empty hook `BeforeClearDocument' on input line 1258.
Package atveryend Info: Empty hook `AfterLastShipout' on input line 1258.

("D:\Juan Camilo\UN\Maestria en Ciencias Estadisticas\TESIS\Tesis\Sustentacion_tesis\Sustentacion_Tesis_Slides.aux")
Package atveryend Info: Executing hook `AtVeryEndDocument' on input line 1258.
Package rerunfilecheck Info: File `Sustentacion_Tesis_Slides.out' has not changed.
(rerunfilecheck)             Checksum: F21DE8FE7BA30AFFD7AD57E23FBE5A40;694.


LaTeX Font Warning: Size substitutions with differences
(Font)              up to 1.0pt have occurred.


LaTeX Warning: Label(s) may have changed. Rerun to get cross-references right.

 ) 
Here is how much of TeX's memory you used:
 15172 strings out of 495286
 273260 string characters out of 3179895
 454844 words of memory out of 3000000
 17835 multiletter control sequences out of 15000+200000
 18620 words of font info for 69 fonts, out of 3000000 for 9000
 14 hyphenation exceptions out of 8191
 42i,21n,62p,449b,753s stack positions out of 5000i,500n,10000p,200000b,50000s

Output written on Sustentacion_Tesis_Slides.dvi (81 pages, 1103600 bytes).
